Removed Pin From Net: NetName=3V3 Pin=esp32-J2-1
Removed Pin From Net: NetName=34_VRX1 Pin=esp32-J2-5
Removed Pin From Net: NetName=35_VRY1 Pin=esp32-J2-6
Removed Pin From Net: NetName=32_SW1 Pin=esp32-J2-7
Removed Pin From Net: NetName=25_VRX2 Pin=esp32-J2-9
Removed Pin From Net: NetName=26_VRY2 Pin=esp32-J2-10
Removed Pin From Net: NetName=27_SW2 Pin=esp32-J2-11
Removed Pin From Net: NetName=GND Pin=esp32-J2-14
Removed Pin From Net: NetName=GND Pin=esp32-J3-1
Removed Pin From Net: NetName=19_POT1 Pin=esp32-J3-8
Removed Pin From Net: NetName=18_POT2 Pin=esp32-J3-9
Removed Pin From Net: NetName=5_POT3 Pin=esp32-J3-10
Removed Pin From Net: NetName=17_POT4 Pin=esp32-J3-11
Removed Pin From Net: NetName=2_PS1 Pin=esp32-J3-15
Removed Pin From Net: NetName=15_PS2 Pin=esp32-J3-16
Removed Pin From Net: NetName=GND_ARM Pin=U?-J2-14
Removed Pin From Net: NetName=5V_ARM Pin=U?-J2-19
Removed Pin From Net: NetName=GND_ARM Pin=U?-J3-1
Removed Pin From Net: NetName=Oled_SCL Pin=U?-J3-3
Removed Pin From Net: NetName=Oled_SDA Pin=U?-J3-6
Removed Pin From Net: NetName=GND_ARM Pin=U?-J3-7
Removed Member From Class: ClassName=Schematic Member=esp32
Change Component Footprint: Designator=U? Old Footprint=MODULE_ESP32-DEVKITC-32D New Footprint=MODULE_ESP32_NODEMCU
Change Component Comment : Designator=U? Old Comment=ESP32-DEVKITC-32D New Comment=ESP32_NODEMCU
Change component parameters: Designator = "U?" ("U?"); Footprint = "MODULE_ESP32-DEVKITC-32D"; UniqueID = "\OTMWXSJH" ("\OTMWXSJH")
Change component parameters (AddParameter): Name = "Check_prices"; Value = "https://www.snapeda.com/parts/ESP32%20NODEMCU/AZ+Displays/view-part/?ref=eda"; VariantName = "[No Variations]"
Change component parameters (AddParameter): Name = "MF"; Value = "AZ Delivery"; VariantName = "[No Variations]"
Change component parameters (AddParameter): Name = "MP"; Value = "ESP32 NODEMCU"; VariantName = "[No Variations]"
Change component parameters (AddParameter): Name = "Package"; Value = "Package"; VariantName = "[No Variations]"
Change component parameters (AddParameter): Name = "SnapEDA_Link"; Value = "https://www.snapeda.com/parts/ESP32%20NODEMCU/AZ+Displays/view-part/?ref=snap"; VariantName = "[No Variations]"
Change component parameters (AddParameter): Name = "Value"; Value = ""; VariantName = "[No Variations]"
Added Component: Designator=U?(MODULE_ESP32_NODEMCU)
Add component (AddParameter): Name = "Check_prices"; Value = "https://www.snapeda.com/parts/ESP32%20NODEMCU/AZ+Displays/view-part/?ref=eda"; VariantName = "[No Variations]"
Add component (AddParameter): Name = "MF"; Value = "AZ Delivery"; VariantName = "[No Variations]"
Add component (AddParameter): Name = "MP"; Value = "ESP32 NODEMCU"; VariantName = "[No Variations]"
Add component (AddParameter): Name = "Package"; Value = "Package"; VariantName = "[No Variations]"
Add component (AddParameter): Name = "SnapEDA_Link"; Value = "https://www.snapeda.com/parts/ESP32%20NODEMCU/AZ+Displays/view-part/?ref=snap"; VariantName = "[No Variations]"
Add component (AddParameter): Name = "Value"; Value = ""; VariantName = "[No Variations]"
Added Pin To Net: NetName=GND_ARM Pin=U?-J4_1
Added Pin To Net: NetName=17_POT4 Pin=U?-J4_6
Added Pin To Net: NetName=GND_ARM Pin=U?-J4_7
Added Pin To Net: NetName=5_POT3 Pin=U?-J4_8
Added Pin To Net: NetName=18_POT2 Pin=U?-J4_9
Added Pin To Net: NetName=Oled_SCL Pin=U?-J4_10
Added Pin To Net: NetName=19_POT1 Pin=U?-J4_11
Added Pin To Net: NetName=Oled_SDA Pin=U?-J4_13
Added Pin To Net: NetName=25_VRX2 Pin=U?-J4_18
Added Pin To Net: NetName=35_VRY1 Pin=U?-J4_19
Added Pin To Net: NetName=5V_ARM Pin=U?-J5_1
Added Pin To Net: NetName=27_SW2 Pin=U?-J5_3
Added Pin To Net: NetName=26_VRY2 Pin=U?-J5_4
Added Pin To Net: NetName=GND_ARM Pin=U?-J5_6
Added Pin To Net: NetName=15_PS2 Pin=U?-J5_9
Added Pin To Net: NetName=2_PS1 Pin=U?-J5_10
Added Pin To Net: NetName=21_Extra1 Pin=EXtra-3
Added Pin To Net: NetName=21_Extra1 Pin=U?-J4_6
Added Net: Name=21_Extra1
Added Pin To Net: NetName=22_Extra2 Pin=EXtra-2
Added Pin To Net: NetName=22_Extra2 Pin=U?-J4_3
Added Net: Name=22_Extra2
Added Pin To Net: NetName=23_Extra3 Pin=EXtra-1
Added Pin To Net: NetName=23_Extra3 Pin=U?-J4_2
Added Net: Name=23_Extra3
Added Pin To Net: NetName=servo1_12 Pin=SERVO_1-1
Added Pin To Net: NetName=servo1_12 Pin=U?-J5_7
Added Net: Name=servo1_12
Added Pin To Net: NetName=Servo2_13 Pin=SERVO_2-1
Added Pin To Net: NetName=Servo2_13 Pin=U?-J5_5
Added Net: Name=Servo2_13
Added Pin To Net: NetName=Servo3_14 Pin=SERVO_3-1
Added Pin To Net: NetName=Servo3_14 Pin=U?-J5_8
Added Net: Name=Servo3_14
Added Pin To Net: NetName=Servo4_15 Pin=SERVO_4-1
Added Pin To Net: NetName=Servo4_15 Pin=U?-J4_16
Added Net: Name=Servo4_15
Added Member To Class: ClassName=Schematic Member=Component U? ESP32_NODEMCU
